<?xml version="1.0" encoding="UTF-8"?>
<testsuites name="Default Suite" time="17.507" tests="1" failures="0" errors="0">
   <testsuite name="Default Suite" tests="1" failures="0" errors="0" time="17.507" skipped="0" timestamp="2021-08-19 15:46:01" hostname="aRath - AITHQNB344.aithq.org" id="Test Suites/Imported from Selenium IDE Scripts/Default Suite">
      <properties>
         <property name="deviceName" value=""/>
         <property name="devicePlatform" value=""/>
         <property name="logFolder" value="C:\\Users\\aRath\\source\\repos\\modpims-testing\\Katalon - modPIMS Desktop Framework\\Reports\\20210819_154538\\Imported from Selenium IDE Scripts\\Default Suite\\20210819_154538"/>
         <property name="logFiles" value="C:\\Users\\aRath\\source\\repos\\modpims-testing\\Katalon - modPIMS Desktop Framework\\Reports\\20210819_154538\\Imported from Selenium IDE Scripts\\Default Suite\\20210819_154538\\execution0.log"/>
         <property name="attachments" value=""/>
         <property name="hostName" value="aRath - AITHQNB344.aithq.org"/>
         <property name="os" value="Windows 10 64bit"/>
         <property name="katalonVersion" value="8.1.0.208"/>
         <property name="browser" value="Chrome 92.0.4515.159"/>
         <property name="hostAddress" value="192.168.86.30"/>
         <property name="sessionId" value="7c02b3047235c08daf3125183642638a"/>
         <property name="seleniumVersion" value="3.141.59"/>
         <property name="proxyInformation" value="ProxyInformation { proxyOption=NO_PROXY, proxyServerType=HTTP, username=, password=********, proxyServerAddress=, proxyServerPort=0, executionList=&quot;&quot;, isApplyToDesiredCapabilities=true }"/>
         <property name="platform" value="Windows 10"/>
      </properties>
      <testcase name="Test Cases/Imported from Selenium IDE Scripts/Default Suite/GoogleBasic" time="14.678" classname="Test Cases/Imported from Selenium IDE Scripts/Default Suite/GoogleBasic" status="PASSED">
         <system-out><![CDATA[2021-08-19 15:46:02 - [TEST_CASE][PASSED] - Test Cases/Imported from Selenium IDE Scripts/Default Suite/GoogleBasic: Test Cases/Imported from Selenium IDE Scripts/Default Suite/GoogleBasic

2021-08-19 15:46:05 - [TEST_STEP][PASSED] - "----------------------------------------------------": null

2021-08-19 15:46:05 - [TEST_STEP][PASSED] - "This test case script is generated by Katalon Studio": null

2021-08-19 15:46:05 - [TEST_STEP][PASSED] - "Generated date: 19-Aug-2021 03:45:08 PM": null

2021-08-19 15:46:05 - [TEST_STEP][PASSED] - "File path: C:\Users\aRath\Downloads\KatalonImport.side": null

2021-08-19 15:46:05 - [TEST_STEP][PASSED] - "Generated by: andrew.rath@arrayinfotech.com": null

2021-08-19 15:46:05 - [TEST_STEP][PASSED] - baseUrl = "https://www.google.com": null

2021-08-19 15:46:05 - [TEST_STEP][PASSED] - openBrowser(""): Browser is opened with url: ''

2021-08-19 15:46:06 - [MESSAGE][INFO] - Starting 'Chrome' driver

2021-08-19 15:46:06 - [MESSAGE][INFO] - Action delay is set to 0 milliseconds

2021-08-19 15:46:11 - [MESSAGE][PASSED] - Browser is opened with url: ''

2021-08-19 15:46:11 - [TEST_STEP][PASSED] - selenium = new com.kms.katalon.core.webui.driver.KatalonWebDriverBackedSelenium(baseUrl): null

2021-08-19 15:46:11 - [TEST_STEP][PASSED] - selenium.open("/"): null

2021-08-19 15:46:13 - [TEST_STEP][PASSED] - "setWindowSize | 945x1020 |  | ": null

2021-08-19 15:46:13 - [TEST_STEP][PASSED] - selenium.type("name=q", "katalon studio tutorial"): null

2021-08-19 15:46:13 - [TEST_STEP][PASSED] - selenium.sendKeys("name=q", ENTER): null

2021-08-19 15:46:15 - [TEST_STEP][PASSED] - selenium.mouseOver("css=.RzdJxc:nth-child(1) .WZIVy"): null

2021-08-19 15:46:16 - [TEST_STEP][PASSED] - selenium.mouseOut("css=.RzdJxc:nth-child(1) .WZIVy"): null

2021-08-19 15:46:16 - [TEST_STEP][PASSED] - selenium.close(): null

2021-08-19 15:46:17 - [TEST_STEP][PASSED] - Start listener action : sampleAfterTestCase: null]]></system-out>
         <system-err><![CDATA[]]></system-err>
      </testcase>
      <system-out><![CDATA[2021-08-19 15:46:01 - [TEST_SUITE][PASSED] - Default Suite: Test Cases/Imported from Selenium IDE Scripts/Default Suite/GoogleBasic]]></system-out>
      <system-err><![CDATA[]]></system-err>
   </testsuite>
</testsuites>
